0 info it worked if it ends with ok
1 verbose cli [ 'C:\\Program Files\\nodejs\\\\node.exe',
1 verbose cli   'C:\\Program Files\\nodejs\\node_modules\\npm\\bin\\npm-cli.js',
1 verbose cli   'publish',
1 verbose cli   '?' ]
2 info using npm@2.5.1
3 info using node@v0.12.0
4 verbose node symlink C:\Program Files\nodejs\\node.exe
5 verbose publish [ '?' ]
6 silly cache add args [ '?', null ]
7 verbose cache add spec ?
8 silly cache add parsed spec { raw: '?',
8 silly cache add   scope: null,
8 silly cache add   name: null,
8 silly cache add   rawSpec: '?',
8 silly cache add   spec: 'C:\\App\\cl-express\\?',
8 silly cache add   type: 'local' }
9 error addLocal Could not install C:\App\cl-express\?
10 verbose stack Error: ENOENT, open 'C:\App\cl-express\?'
10 verbose stack     at Error (native)
11 verbose cwd C:\App\cl-express
12 error Windows_NT 6.3.9600
13 error argv "C:\\Program Files\\nodejs\\\\node.exe" "C:\\Program Files\\nodejs\\node_modules\\npm\\bin\\npm-cli.js" "publish" "?"
14 error node v0.12.0
15 error npm  v2.5.1
16 error path C:\App\cl-express\?
17 error code ENOENT
18 error errno -4058
19 error enoent ENOENT, open 'C:\App\cl-express\?'
19 error enoent This is most likely not a problem with npm itself
19 error enoent and is related to npm not being able to find a file.
20 verbose exit [ -4058, true ]
